[    0.000000] Linux version 4.15.0-173-generic (buildd@lcy02-amd64-094) (gcc version 7.5.0 (Ubuntu 7.5.0-3ubuntu1~18.04)) #182-Ubuntu SMP Fri Mar 18 15:53:46 UTC 2022 (Ubuntu 4.15.0-173.182-generic 4.15.18)
[    0.000000] Command line: BOOT_IMAGE=/boot/vmlinuz-4.15.0-173-generic root=LABEL=cloudimg-rootfs ro console=tty1 console=ttyS0
[    0.000000] KERNEL supported cpus:
[    0.000000]   Intel GenuineIntel
[    0.000000]   AMD AuthenticAMD
[    0.000000]   Centaur CentaurHauls
[    0.000000] x86/fpu: Supporting XSAVE feature 0x001: 'x87 floating point registers'
[    0.000000] x86/fpu: Supporting XSAVE feature 0x002: 'SSE registers'
[    0.000000] x86/fpu: Supporting XSAVE feature 0x004: 'AVX registers'
[    0.000000] x86/fpu: xstate_offset[2]:  576, xstate_sizes[2]:  256
[    0.000000] x86/fpu: Enabled xstate features 0x7, context size is 832 bytes, using 'standard' format.
[    0.000000] e820: BIOS-provided physical RAM map:
[    0.000000] BIOS-e820: [mem 0x0000000000000000-0x000000000009fbff] usable
[    0.000000] BIOS-e820: [mem 0x000000000009fc00-0x000000000009ffff] reserved
[    0.000000] BIOS-e820: [mem 0x00000000000f0000-0x00000000000fffff] reserved
[    0.000000] BIOS-e820: [mem 0x0000000000100000-0x00000000445effff] usable
[    0.000000] BIOS-e820: [mem 0x00000000445f0000-0x00000000445fffff] ACPI data
[    0.000000] BIOS-e820: [mem 0x00000000fec00000-0x00000000fec00fff] reserved
[    0.000000] BIOS-e820: [mem 0x00000000fee00000-0x00000000fee00fff] reserved
[    0.000000] BIOS-e820: [mem 0x00000000fffc0000-0x00000000ffffffff] reserved
[    0.000000] NX (Execute Disable) protection: active
[    0.000000] SMBIOS 2.5 present.
[    0.000000] DMI: innotek GmbH VirtualBox/VirtualBox, BIOS VirtualBox 12/01/2006
[    0.000000] Hypervisor detected: KVM
[    0.000000] e820: last_pfn = 0x445f0 max_arch_pfn = 0x400000000
[    0.000000] MTRR: Disabled
[    0.000000] x86/PAT: MTRRs disabled, skipping PAT initialization too.
[    0.000000] CPU MTRRs all blank - virtualized system.
[    0.000000] x86/PAT: Configuration [0-7]: WB  WT  UC- UC  WB  WT  UC- UC  
[    0.000000] found SMP MP-table at [mem 0x0009fff0-0x0009ffff]
[    0.000000] Scanning 1 areas for low memory corruption
[    0.000000] RAMDISK: [mem 0x359cb000-0x36cdcfff]
[    0.000000] ACPI: Early table checksum verification disabled
[    0.000000] ACPI: RSDP 0x00000000000E0000 000024 (v02 VBOX  )
[    0.000000] ACPI: XSDT 0x00000000445F0030 00003C (v01 VBOX   VBOXXSDT 00000001 ASL  00000061)
[    0.000000] ACPI: FACP 0x00000000445F00F0 0000F4 (v04 VBOX   VBOXFACP 00000001 ASL  00000061)
[    0.000000] ACPI: DSDT 0x00000000445F0470 002325 (v02 VBOX   VBOXBIOS 00000002 INTL 20190509)
[    0.000000] ACPI: FACS 0x00000000445F0200 000040
[    0.000000] ACPI: FACS 0x00000000445F0200 000040
[    0.000000] ACPI: APIC 0x00000000445F0240 000054 (v02 VBOX   VBOXAPIC 00000001 ASL  00000061)
[    0.000000] ACPI: SSDT 0x00000000445F02A0 0001CC (v01 VBOX   VBOXCPUT 00000002 INTL 20190509)
[    0.000000] ACPI: Reserving FACP table memory at [mem 0x445f00f0-0x445f01e3]
[    0.000000] ACPI: Reserving DSDT table memory at [mem 0x445f0470-0x445f2794]
[    0.000000] ACPI: Reserving FACS table memory at [mem 0x445f0200-0x445f023f]
[    0.000000] ACPI: Reserving FACS table memory at [mem 0x445f0200-0x445f023f]
[    0.000000] ACPI: Reserving APIC table memory at [mem 0x445f0240-0x445f0293]
[    0.000000] ACPI: Reserving SSDT table memory at [mem 0x445f02a0-0x445f046b]
[    0.000000] No NUMA configuration found
[    0.000000] Faking a node at [mem 0x0000000000000000-0x00000000445effff]
[    0.000000] NODE_DATA(0) allocated [mem 0x445c5000-0x445effff]
[    0.000000] kvm-clock: cpu 0, msr 0:44544001, primary cpu clock
[    0.000000] kvm-clock: Using msrs 4b564d01 and 4b564d00
[    0.000000] kvm-clock: using sched offset of 3708456724 cycles
[    0.000000] clocksource: kvm-clock: mask: 0xffffffffffffffff max_cycles: 0x1cd42e4dffb, max_idle_ns: 881590591483 ns
[    0.000000] Zone ranges:
[    0.000000]   DMA      [mem 0x0000000000001000-0x0000000000ffffff]
[    0.000000]   DMA32    [mem 0x0000000001000000-0x00000000445effff]
[    0.000000]   Normal   empty
[    0.000000]   Device   empty
[    0.000000] Movable zone start for each node
[    0.000000] Early memory node ranges
[    0.000000]   node   0: [mem 0x0000000000001000-0x000000000009efff]
[    0.000000]   node   0: [mem 0x0000000000100000-0x00000000445effff]
[    0.000000] Reserved but unavailable: 104 pages
[    0.000000] Initmem setup node 0 [mem 0x0000000000001000-0x00000000445effff]
[    0.000000] ACPI: PM-Timer IO Port: 0x4008
[    0.000000] IOAPIC[0]: apic_id 1, version 32, address 0xfec00000, GSI 0-23
[    0.000000] ACPI: INT_SRC_OVR (bus 0 bus_irq 0 global_irq 2 dfl dfl)
[    0.000000] ACPI: INT_SRC_OVR (bus 0 bus_irq 9 global_irq 9 low level)
[    0.000000] Using ACPI (MADT) for SMP configuration information
[    0.000000] smpboot: Allowing 1 CPUs, 0 hotplug CPUs
[    0.000000] PM: Registered nosave memory: [mem 0x00000000-0x00000fff]
[    0.000000] PM: Registered nosave memory: [mem 0x0009f000-0x0009ffff]
[    0.000000] PM: Registered nosave memory: [mem 0x000a0000-0x000effff]
[    0.000000] PM: Registered nosave memory: [mem 0x000f0000-0x000fffff]
[    0.000000] e820: [mem 0x44600000-0xfebfffff] available for PCI devices
[    0.000000] Booting paravirtualized kernel on KVM
[    0.000000] clocksource: refined-jiffies: mask: 0xffffffff max_cycles: 0xffffffff, max_idle_ns: 7645519600211568 ns
[    0.000000] random: get_random_bytes called from start_kernel+0x99/0x500 with crng_init=0
[    0.000000] setup_percpu: NR_CPUS:8192 nr_cpumask_bits:1 nr_cpu_ids:1 nr_node_ids:1
[    0.000000] percpu: Embedded 50 pages/cpu s167936 r8192 d28672 u2097152
[    0.000000] PV qspinlock hash table entries: 256 (order: 0, 4096 bytes)
[    0.000000] Built 1 zonelists, mobility grouping on.  Total pages: 275553
[    0.000000] Policy zone: DMA32
[    0.000000] Kernel command line: BOOT_IMAGE=/boot/vmlinuz-4.15.0-173-generic root=LABEL=cloudimg-rootfs ro console=tty1 console=ttyS0
[    0.000000] Memory: 1052480K/1119800K available (12300K kernel code, 2484K rwdata, 4324K rodata, 2468K init, 2724K bss, 67320K reserved, 0K cma-reserved)
[    0.000000] SLUB: HWalign=64, Order=0-3, MinObjects=0, CPUs=1, Nodes=1
[    0.000000] Kernel/User page tables isolation: enabled
[    0.000000] ftrace: allocating 39503 entries in 155 pages
[    0.004000] Hierarchical RCU implementation.
[    0.004000] 	RCU restricting CPUs from NR_CPUS=8192 to nr_cpu_ids=1.
[    0.004000] 	Tasks RCU enabled.
[    0.004000] RCU: Adjusting geometry for rcu_fanout_leaf=16, nr_cpu_ids=1
[    0.004000] NR_IRQS: 524544, nr_irqs: 256, preallocated irqs: 16
[    0.004000] Console: colour VGA+ 80x25
[    0.004000] console [tty1] enabled
[    0.004000] console [ttyS0] enabled
[    0.004000] ACPI: Core revision 20170831
[    0.004000] ACPI: 2 ACPI AML tables successfully acquired and loaded
[    0.004000] APIC: Switch to symmetric I/O mode setup
[    0.004000] x2apic enabled
[    0.004000] Switched APIC routing to physical x2apic.
[    0.004000] ..TIMER: vector=0x30 apic1=0 pin1=2 apic2=-1 pin2=-1
[    0.004003] tsc: Detected 3213.346 MHz processor
[    0.004644] Calibrating delay loop (skipped) preset value.. 6426.69 BogoMIPS (lpj=12853384)
[    0.005131] pid_max: default: 32768 minimum: 301
[    0.005851] Security Framework initialized
[    0.006419] Yama: becoming mindful.
[    0.006949] AppArmor: AppArmor initialized
[    0.008813] Dentry cache hash table entries: 262144 (order: 9, 2097152 bytes)
[    0.010412] Inode-cache hash table entries: 131072 (order: 8, 1048576 bytes)
[    0.011437] Mount-cache hash table entries: 4096 (order: 3, 32768 bytes)
[    0.012006] Mountpoint-cache hash table entries: 4096 (order: 3, 32768 bytes)
[    0.013239] process: using mwait in idle threads
[    0.014180] Last level iTLB entries: 4KB 128, 2MB 8, 4MB 8
[    0.014918] Last level dTLB entries: 4KB 64, 2MB 0, 4MB 0, 1GB 4
[    0.016002] Spectre V1 : Mitigation: usercopy/swapgs barriers and __user pointer sanitization
[    0.017204] Spectre V2 : Mitigation: Retpolines
[    0.017832] Spectre V2 : Spectre v2 / SpectreRSB mitigation: Filling RSB on context switch
[    0.018948] Speculative Store Bypass: Vulnerable
[    0.020042] SRBDS: Unknown: Dependent on hypervisor status
[    0.020844] MDS: Mitigation: Clear CPU buffers
[    0.032000] Freeing SMP alternatives memory: 36K
[    0.140182] smpboot: CPU0: Intel(R) Core(TM) i5-6500 CPU @ 3.20GHz (family: 0x6, model: 0x5e, stepping: 0x3)
[    0.141838] Performance Events: unsupported p6 CPU model 94 no PMU driver, software events only.
[    0.144030] Hierarchical SRCU implementation.
[    0.145333] NMI watchdog: Perf event create on CPU 0 failed with -2
[    0.146181] NMI watchdog: Perf NMI watchdog permanently disabled
[    0.147091] smp: Bringing up secondary CPUs ...
[    0.147773] smp: Brought up 1 node, 1 CPU
[    0.148001] smpboot: Max logical packages: 1
[    0.148596] smpboot: Total of 1 processors activated (6426.69 BogoMIPS)
[    0.149577] devtmpfs: initialized
[    0.150237] x86/mm: Memory block size: 128MB
[    0.150957] evm: security.selinux
[    0.151591] evm: security.SMACK64
[    0.152003] evm: security.SMACK64EXEC
[    0.152524] evm: security.SMACK64TRANSMUTE
[    0.153100] evm: security.SMACK64MMAP
[    0.153622] evm: security.apparmor
[    0.154108] evm: security.ima
[    0.154550] evm: security.capability
[    0.155138] clocksource: jiffies: mask: 0xffffffff max_cycles: 0xffffffff, max_idle_ns: 7645041785100000 ns
[    0.156005] futex hash table entries: 256 (order: 2, 16384 bytes)
[    0.157010] pinctrl core: initialized pinctrl subsystem
[    0.157889] RTC time: 10:54:32, date: 04/05/22
[    0.158686] NET: Registered protocol family 16
[    0.160061] audit: initializing netlink subsys (disabled)
[    0.161050] cpuidle: using governor ladder
[    0.161748] cpuidle: using governor menu
[    0.162328] ACPI: bus type PCI registered
[    0.162893] acpiphp: ACPI Hot Plug PCI Controller Driver version: 0.5
[    0.164006] audit: type=2000 audit(1649156077.135:1): state=initialized audit_enabled=0 res=1
[    0.165324] PCI: Using configuration type 1 for base access
[    0.167194] HugeTLB registered 2.00 MiB page size, pre-allocated 0 pages
[    0.168135] ACPI: Added _OSI(Module Device)
[    0.168864] ACPI: Added _OSI(Processor Device)
[    0.169480] ACPI: Added _OSI(3.0 _SCP Extensions)
[    0.170122] ACPI: Added _OSI(Processor Aggregator Device)
[    0.170847] ACPI: Added _OSI(Linux-Dell-Video)
[    0.172006] ACPI: Added _OSI(Linux-Lenovo-NV-HDMI-Audio)
[    0.172720] ACPI: Added _OSI(Linux-HPI-Hybrid-Graphics)
[    0.173657] ACPI: Executed 1 blocks of module-level executable AML code
[    0.177314] ACPI: Interpreter enabled
[    0.177935] ACPI: (supports S0 S5)
[    0.178425] ACPI: Using IOAPIC for interrupt routing
[    0.179308] PCI: Using host bridge windows from ACPI; if necessary, use "pci=nocrs" and report a bug
[    0.180126] ACPI: Enabled 2 GPEs in block 00 to 07
[    0.186207] ACPI: PCI Root Bridge [PCI0] (domain 0000 [bus 00-ff])
[    0.187263] acpi PNP0A03:00: _OSC: OS supports [ASPM ClockPM Segments MSI]
[    0.188394] acpi PNP0A03:00: _OSC: not requesting OS control; OS requires [ExtendedConfig ASPM ClockPM MSI]
[    0.189729] acpi PNP0A03:00: fail to add MMCONFIG information, can't access extended PCI configuration space under this bridge.
[    0.192288] PCI host bridge to bus 0000:00
[    0.192878] pci_bus 0000:00: root bus resource [io  0x0000-0x0cf7 window]
[    0.193770] pci_bus 0000:00: root bus resource [io  0x0d00-0xffff window]
[    0.194676] pci_bus 0000:00: root bus resource [mem 0x000a0000-0x000bffff window]
[    0.196000] pci_bus 0000:00: root bus resource [mem 0x44600000-0xfdffffff window]
[    0.196002] pci_bus 0000:00: root bus resource [bus 00-ff]
[    0.200532] pci 0000:00:01.1: legacy IDE quirk: reg 0x10: [io  0x01f0-0x01f7]
[    0.201653] pci 0000:00:01.1: legacy IDE quirk: reg 0x14: [io  0x03f6]
[    0.202605] pci 0000:00:01.1: legacy IDE quirk: reg 0x18: [io  0x0170-0x0177]
[    0.203641] pci 0000:00:01.1: legacy IDE quirk: reg 0x1c: [io  0x0376]
[    0.215879] pci 0000:00:07.0: quirk: [io  0x4000-0x403f] claimed by PIIX4 ACPI
[    0.216019] pci 0000:00:07.0: quirk: [io  0x4100-0x410f] claimed by PIIX4 SMB
[    0.224562] ACPI: PCI Interrupt Link [LNKA] (IRQs 5 9 10 *11)
[    0.225816] ACPI: PCI Interrupt Link [LNKB] (IRQs 5 9 *10 11)
[    0.226779] ACPI: PCI Interrupt Link [LNKC] (IRQs 5 *9 10 11)
[    0.227804] ACPI: PCI Interrupt Link [LNKD] (IRQs 5 9 10 *11)
[    0.228361] SCSI subsystem initialized
[    0.229051] pci 0000:00:02.0: vgaarb: setting as boot VGA device
[    0.229911] pci 0000:00:02.0: vgaarb: VGA device added: decodes=io+mem,owns=io+mem,locks=none
[    0.231080] pci 0000:00:02.0: vgaarb: bridge control possible
[    0.232002] vgaarb: loaded
[    0.232479] ACPI: bus type USB registered
[    0.233052] usbcore: registered new interface driver usbfs
[    0.233796] usbcore: registered new interface driver hub
[    0.234606] usbcore: registered new device driver usb
[    0.236040] EDAC MC: Ver: 3.0.0
[    0.236819] PCI: Using ACPI for IRQ routing
[    0.237774] NetLabel: Initializing
[    0.238424] NetLabel:  domain hash size = 128
[    0.239026] NetLabel:  protocols = UNLABELED CIPSOv4 CALIPSO
[    0.239802] NetLabel:  unlabeled traffic allowed by default
[    0.240096] clocksource: Switched to clocksource kvm-clock
[    0.249966] VFS: Disk quotas dquot_6.6.0
[    0.250778] VFS: Dquot-cache hash table entries: 512 (order 0, 4096 bytes)
[    0.251780] AppArmor: AppArmor Filesystem Enabled
[    0.252618] pnp: PnP ACPI init
[    0.253949] pnp: PnP ACPI: found 3 devices
[    0.260046] clocksource: acpi_pm: mask: 0xffffff max_cycles: 0xffffff, max_idle_ns: 2085701024 ns
[    0.261448] NET: Registered protocol family 2
[    0.262317] IP idents hash table entries: 32768 (order: 6, 262144 bytes)
[    0.263551] TCP established hash table entries: 16384 (order: 5, 131072 bytes)
[    0.264706] TCP bind hash table entries: 16384 (order: 6, 262144 bytes)
[    0.265668] TCP: Hash tables configured (established 16384 bind 16384)
[    0.268150] UDP hash table entries: 1024 (order: 3, 32768 bytes)
[    0.269678] UDP-Lite hash table entries: 1024 (order: 3, 32768 bytes)
[    0.270592] NET: Registered protocol family 1
[    0.271326] pci 0000:00:00.0: Limiting direct PCI/PCI transfers
[    0.272251] pci 0000:00:01.0: Activating ISA DMA hang workarounds
[    0.273175] pci 0000:00:02.0: Video device with shadowed ROM at [mem 0x000c0000-0x000dffff]
[    0.274436] Unpacking initramfs...
[    0.521076] Freeing initrd memory: 19528K
[    0.525278] clocksource: tsc: mask: 0xffffffffffffffff max_cycles: 0x2e518967fc4, max_idle_ns: 440795296132 ns
[    0.526734] platform rtc_cmos: registered platform RTC device (no PNP device found)
[    0.527860] Scanning for low memory corruption every 60 seconds
[    0.529169] Initialise system trusted keyrings
[    0.529891] Key type blacklist registered
[    0.530504] workingset: timestamp_bits=36 max_order=19 bucket_order=0
[    0.532185] zbud: loaded
[    0.533187] squashfs: version 4.0 (2009/01/31) Phillip Lougher
[    0.534149] fuse init (API version 7.26)
[    0.535956] Key type asymmetric registered
[    0.536757] Asymmetric key parser 'x509' registered
[    0.536757] Block layer SCSI generic (bsg) driver version 0.4 loaded (major 246)
[    0.540803] io scheduler noop registered
[    0.541377] io scheduler deadline registered
[    0.541987] io scheduler cfq registered (default)
[    0.542824] ACPI: AC Adapter [AC] (on-line)
[    0.543484] input: Power Button as /devices/LNXSYSTM:00/LNXPWRBN:00/input/input0
[    0.544533] ACPI: Power Button [PWRF]
[    0.545195] input: Sleep Button as /devices/LNXSYSTM:00/LNXSLPBN:00/input/input1
[    0.546228] ACPI: Sleep Button [SLPF]
[    0.547046] Serial: 8250/16550 driver, 32 ports, IRQ sharing enabled
[    0.568654] 00:02: ttyS0 at I/O 0x3f8 (irq = 4, base_baud = 115200) is a 16550A
[    0.570884] Linux agpgart interface v0.103
[    0.572442] loop: module loaded
[    0.573273] scsi host0: ata_piix
[    0.573895] scsi host1: ata_piix
[    0.574386] ata1: PATA max UDMA/33 cmd 0x1f0 ctl 0x3f6 bmdma 0xd000 irq 14
[    0.575299] ata2: PATA max UDMA/33 cmd 0x170 ctl 0x376 bmdma 0xd008 irq 15
[    0.576446] tun: Universal TUN/TAP device driver, 1.6
[    0.577275] PPP generic driver version 2.4.2
[    0.577988] ehci_hcd: USB 2.0 'Enhanced' Host Controller (EHCI) Driver
[    0.578851] ehci-pci: EHCI PCI platform driver
[    0.579474] ehci-platform: EHCI generic platform driver
[    0.580529] ohci_hcd: USB 1.1 'Open' Host Controller (OHCI) Driver
[    0.581422] ohci-pci: OHCI PCI platform driver
[    0.582093] ohci-platform: OHCI generic platform driver
[    0.582806] uhci_hcd: USB Universal Host Controller Interface driver
[    0.583686] i8042: PNP: PS/2 Controller [PNP0303:PS2K,PNP0f03:PS2M] at 0x60,0x64 irq 1,12
[    0.585237] serio: i8042 KBD port at 0x60,0x64 irq 1
[    0.586001] serio: i8042 AUX port at 0x60,0x64 irq 12
[    0.586746] mousedev: PS/2 mouse device common for all mice
[    0.587806] input: AT Translated Set 2 keyboard as /devices/platform/i8042/serio0/input/input2
[    0.589338] rtc_cmos rtc_cmos: rtc core: registered rtc_cmos as rtc0
[    0.590361] rtc_cmos rtc_cmos: alarms up to one day, 114 bytes nvram
[    0.591326] i2c /dev entries driver
[    0.591925] device-mapper: uevent: version 1.0.3
[    0.592648] device-mapper: ioctl: 4.37.0-ioctl (2017-09-20) initialised: dm-devel@redhat.com
[    0.593862] ledtrig-cpu: registered to indicate activity on CPUs
[    0.594766] intel_pmc_core:  initialized
[    0.595488] NET: Registered protocol family 10
[    0.598690] Segment Routing with IPv6
[    0.599328] NET: Registered protocol family 17
[    0.600089] Key type dns_resolver registered
[    0.600769] mce: Using 0 MCE banks
[    0.601323] RAS: Correctable Errors collector initialized.
[    0.602075] sched_clock: Marking stable (600054145, 0)->(723850330, -123796185)
[    0.603181] registered taskstats version 1
[    0.603817] Loading compiled-in X.509 certificates
[    0.606115] Loaded X.509 cert 'Build time autogenerated kernel key: 70c562671a3916277fe5fdc18b24b613b7a6fbd0'
[    0.608009] Loaded X.509 cert 'Canonical Ltd. Live Patch Signing: 14df34d1a87cf37625abec039ef2bf521249b969'
[    0.610008] Loaded X.509 cert 'Canonical Ltd. Kernel Module Signing: 88f752e560a1e0737e31163a466ad7b70a850c19'
[    0.611415] blacklist: Loading compiled-in revocation X.509 certificates
[    0.613316] Loaded X.509 cert 'Canonical Ltd. Secure Boot Signing: 61482aa2830d0ab2ad5af10b7250da9033ddcef0'
[    0.614774] zswap: loaded using pool lzo/zbud
[    0.617834] Key type big_key registered
[    0.618503] Key type trusted registered
[    0.620130] Key type encrypted registered
[    0.620829] AppArmor: AppArmor sha1 policy hashing enabled
[    0.621583] ima: No TPM chip found, activating TPM-bypass! (rc=-19)
[    0.622418] ima: Allocated hash algorithm: sha1
[    0.623126] evm: HMAC attrs: 0x1
[    0.623833]   Magic number: 2:313:931
[    0.624552] rtc_cmos rtc_cmos: setting system clock to 2022-04-05 10:54:32 UTC (1649156072)
[    0.625785] BIOS EDD facility v0.16 2004-Jun-25, 0 devices found
[    0.626692] EDD information not available.
[    0.771366] Freeing unused kernel image memory: 2468K
[    0.780047] Write protecting the kernel read-only data: 20480k
[    0.782035] Freeing unused kernel image memory: 2008K
[    0.783520] Freeing unused kernel image memory: 1820K
[    0.792790] x86/mm: Checked W+X mappings: passed, no W+X pages found.
[    0.793931] x86/mm: Checking user space page tables
[    0.801230] x86/mm: Checked W+X mappings: passed, no W+X pages found.
Loading, please wait...
starting version 237
[    0.893460] e1000: Intel(R) PRO/1000 Network Driver - version 7.3.21-k8-NAPI
[    0.894716] e1000: Copyright (c) 1999-2006 Intel Corporation.
[    0.899039] Fusion MPT base driver 3.04.20
[    0.899813] Copyright (c) 1999-2008 LSI Corporation
[    0.910851] Fusion MPT SPI Host driver 3.04.20
[    0.931741] AVX2 version of gcm_enc/dec engaged.
[    0.932669] AES CTR mode by8 optimization enabled
[    1.109167] input: ImExPS/2 Generic Explorer Mouse as /devices/platform/i8042/serio1/input/input4
[    1.283777] e1000 0000:00:03.0 eth0: (PCI:33MHz:32-bit) 02:27:94:89:a7:22
[    1.285247] e1000 0000:00:03.0 eth0: Intel(R) PRO/1000 Network Connection
[    1.287420] mptbase: ioc0: Initiating bringup
[    1.384541] ioc0: LSI53C1030 A0: Capabilities={Initiator}
[    1.627770] scsi host2: ioc0: LSI53C1030 A0, FwRev=00000000h, Ports=1, MaxQ=256, IRQ=20
[    1.800361] scsi 2:0:0:0: Direct-Access     VBOX     HARDDISK         1.0  PQ: 0 ANSI: 5
[    1.802034] scsi target2:0:0: Beginning Domain Validation
[    1.805038] scsi target2:0:0: Domain Validation skipping write tests
[    1.806247] scsi target2:0:0: Ending Domain Validation
[    1.807336] random: fast init done
[    1.808053] random: systemd-udevd: uninitialized urandom read (16 bytes read)
[    1.809428] scsi target2:0:0: asynchronous
[    1.810320] random: systemd-udevd: uninitialized urandom read (16 bytes read)
[    1.812258] scsi 2:0:1:0: Direct-Access     VBOX     HARDDISK         1.0  PQ: 0 ANSI: 5
[    1.813854] scsi target2:0:1: Beginning Domain Validation
[    1.815639] scsi target2:0:1: Domain Validation skipping write tests
[    1.816911] scsi target2:0:1: Ending Domain Validation
[    1.817936] scsi target2:0:1: asynchronous
[    1.822191] random: systemd-udevd: uninitialized urandom read (16 bytes read)
[    1.824699] sd 2:0:0:0: [sda] 83886080 512-byte logical blocks: (42.9 GB/40.0 GiB)
[    1.827249] sd 2:0:0:0: [sda] Write Protect is off
[    1.828022] sd 2:0:0:0: Attached scsi generic sg0 type 0
[    1.828935] sd 2:0:0:0: [sda] Incomplete mode parameter data
[    1.829780] sd 2:0:0:0: [sda] Assuming drive cache: write through
[    1.830989] sd 2:0:1:0: [sdb] 20480 512-byte logical blocks: (10.5 MB/10.0 MiB)
[    1.832106] sd 2:0:1:0: [sdb] Write Protect is off
[    1.833088] sd 2:0:1:0: [sdb] Incomplete mode parameter data
[    1.834027] sd 2:0:1:0: [sdb] Assuming drive cache: write through
[    1.835069] sd 2:0:1:0: Attached scsi generic sg1 type 0
[    1.884861]  sda: sda1
[    1.885942] sd 2:0:0:0: [sda] Attached SCSI disk
[    1.920024] sd 2:0:1:0: [sdb] Attached SCSI disk
[    2.184012] e1000 0000:00:08.0 eth1: (PCI:33MHz:32-bit) 08:00:27:89:d6:f5
[    2.185088] e1000 0000:00:08.0 eth1: Intel(R) PRO/1000 Network Connection
[    2.187098] e1000 0000:00:08.0 enp0s8: renamed from eth1
[    2.189533] e1000 0000:00:03.0 enp0s3: renamed from eth0
Begin: Loading essential drivers ... [    3.565706] raid6: sse2x1   gen() 13142 MB/s
[    3.634008] raid6: sse2x1   xor()  9687 MB/s
[    3.702597] raid6: sse2x2   gen() 16930 MB/s
[    3.762654] raid6: sse2x2   xor()  9329 MB/s
[    3.817235] raid6: sse2x4   gen() 18999 MB/s
[    3.885618] raid6: sse2x4   xor() 11936 MB/s
[    3.952659] raid6: avx2x1   gen() 25373 MB/s
[    4.022425] raid6: avx2x1   xor() 18986 MB/s
[    4.091502] raid6: avx2x2   gen() 31720 MB/s
[    4.154909] raid6: avx2x2   xor() 18674 MB/s
[    4.222570] raid6: avx2x4   gen() 37284 MB/s
[    4.292931] raid6: avx2x4   xor() 23715 MB/s
[    4.293766] raid6: using algorithm avx2x4 gen() 37284 MB/s
[    4.294512] raid6: .... xor() 23715 MB/s, rmw enabled
[    4.295203] raid6: using avx2x2 recovery algorithm
[    4.297686] xor: automatically using best checksumming function   avx       
[    4.300094] async_tx: api initialized (async)
done.
Begin: Running /scripts/init-premount ... done.
Begin: Mounting root file system ... Begin: Running /scripts/local-top ... done.
Begin: Running /scripts/local-premount ... [    4.347938] Btrfs loaded, crc32c=crc32c-intel
Scanning for Btrfs filesystems
done.
Warning: fsck not present, so skipping root file system
[    4.391421] EXT4-fs (sda1): mounted filesystem with ordered data mode. Opts: (null)
done.
Begin: Running /scripts/local-bottom ... done.
Begin: Running /scripts/init-bottom ... done.
[    5.421859] ip_tables: (C) 2000-2006 Netfilter Core Team
[    5.549470] systemd[1]: systemd 237 running in system mode. (+PAM +AUDIT +SELINUX +IMA +APPARMOR +SMACK +SYSVINIT +UTMP +LIBCRYPTSETUP +GCRYPT +GNUTLS +ACL +XZ +LZ4 +SECCOMP +BLKID +ELFUTILS +KMOD -IDN2 +IDN -PCRE2 default-hierarchy=hybrid)
[    5.561472] systemd[1]: Detected virtualization oracle.
[    5.564652] systemd[1]: Detected architecture x86-64.

Welcome to [1mUbuntu 18.04.6 LTS[0m!

[    5.594956] systemd[1]: Set hostname to <ubuntu>.
[    5.611454] systemd[1]: Initializing machine ID from random generator.
[    5.615510] systemd[1]: Installed transient /etc/machine-id file.
[    6.077740] random: crng init done
[    6.080551] random: 7 urandom warning(s) missed due to ratelimiting
[    7.287419] systemd[1]: Set up automount Arbitrary Executable File Formats File System Automount Point.
[[0;32m  OK  [0m] Set up automount Arbitrary Executab…rmats File System Automount Point.
[    7.291785] systemd[1]: Created slice User and Session Slice.
[[0;32m  OK  [0m] Created slice User and Session Slice.
[    7.304175] systemd[1]: Started Forward Password Requests to Wall Directory Watch.
[[0;32m  OK  [0m] Started Forward Password Requests to Wall Directory Watch.
[    7.306484] systemd[1]: Reached target User and Group Name Lookups.
[[0;32m  OK  [0m] Reached target User and Group Name Lookups.
[[0;32m  OK  [0m] Created slice System Slice.
[[0;32m  OK  [0m] Listening on LVM2 poll daemon socket.
[[0;32m  OK  [0m] Listening on udev Control Socket.
[[0;32m  OK  [0m] Listening on LVM2 metadata daemon socket.
[[0;32m  OK  [0m] Listening on Journal Audit Socket.
[[0;32m  OK  [0m] Reached target Slices.
[[0;32m  OK  [0m] Listening on /dev/initctl Compatibility Named Pipe.
[[0;32m  OK  [0m] Listening on Device-mapper event daemon FIFOs.
[[0;32m  OK  [0m] Listening on Journal Socket (/dev/log).
[[0;32m  OK  [0m] Listening on udev Kernel Socket.
[[0;32m  OK  [0m] Listening on Syslog Socket.
[[0;32m  OK  [0m] Reached target System Time Synchronized.
[[0;32m  OK  [0m] Listening on fsck to fsckd communication Socket.
[[0;32m  OK  [0m] Reached target Swap.
[[0;32m  OK  [0m] Created slice system-serial\x2dgetty.slice.
[[0;32m  OK  [0m] Listening on Journal Socket.
         Mounting POSIX Message Queue File System...
         Starting Create list of required st…ce nodes for the current kernel...
         Mounting Huge Pages File System...
         Starting Journal Service...
         Starting Monitoring of LVM2 mirrors…ng dmeventd or progress polling...
         Starting Load Kernel Modules...
         Starting Set the console keyboard layout...
         Starting Uncomplicated firewall...
         Starting File System Check on Root Device...
         Starting udev Coldplug all Devices...
         Mounting Kernel Debug File System...
[[0;32m  OK  [0m] Listening on Network Service Netlink Socket.
[[0;32m  OK  [0m] Started Journal Service.
[[0;32m  OK  [0m] Mounted POSIX Message Queue File System.
[[0;32m  OK  [0m] Started Create list of required sta…vice nodes for the current kernel.
[[0;32m  OK  [0m] Mounted Huge Pages File System.
[[0;32m  OK  [0m] Mounted Kernel Debug File System.
         Starting Create Static Device Nodes in /dev...
[[0;32m  OK  [0m] Started Uncomplicated firewall.
[[0;32m  OK  [0m] Started File System Check Daemon to report status.
[[0;32m  OK  [0m] Started udev Coldplug all Devices.
[    7.978159] Loading iSCSI transport class v2.0-870.
[[0;32m  OK  [0m] Started File System Check on Root Device.
         Starting Remount Root and Kernel File Systems...
[[0;32m  OK  [0m] Started LVM2 metadata daemon.
[[0;32m  OK  [0m] Started Set the console keyboard layout.
[    8.196767] iscsi: registered transport (tcp)
[    8.233189] iscsi: registered transport (iser)
[[0;32m  OK  [0m] Started Load Kernel Modules.
         Mounting FUSE Control File System...
         Mounting Kernel Configuration File System...
         Starting Apply Kernel Variables...
[[0;32m  OK  [0m] Mounted FUSE Control File System.
[[0;32m  OK  [0m] Mounted Kernel Configuration File System.
[[0;32m  OK  [0m] Started Create Static Device Nodes in /dev.
[[0;32m  OK  [0m] Started Remount Root and Kernel File Systems.
         Starting Flush Journal to Persistent Storage...
         Starting Load/Save Random Seed...
         Starting udev Kernel Device Manager...
[[0;32m  OK  [0m] Started Monitoring of LVM2 mirrors,…sing dmeventd or progress polling.
[[0;32m  OK  [0m] Started Apply Kernel Variables.
[[0;32m  OK  [0m] Started Load/Save Random Seed.
[[0;32m  OK  [0m] Reached target Local File Systems (Pre).
[[0;32m  OK  [0m] Reached target Local File Systems.
         Starting AppArmor initialization...
         Starting ebtables ruleset management...
         Starting Tell Plymouth To Write Out Runtime Data...
         Starting Commit a transient machine-id on disk...
         Starting Set console font and keymap...
[[0;32m  OK  [0m] Started udev Kernel Device Manager.
[[0;32m  OK  [0m] Started Dispatch Password Requests to Console Directory Watch.
[[0;32m  OK  [0m] Reached target Local Encrypted Volumes.
[[0;32m  OK  [0m] Started Tell Plymouth To Write Out Runtime Data.
[[0;32m  OK  [0m] Started Set console font and keymap.
[[0;32m  OK  [0m] Started Commit a transient machine-id on disk.
[[0;32m  OK  [0m] Started Flush Journal to Persistent Storage.
         Starting Create Volatile Files and Directories...
[[0;32m  OK  [0m] Started Create Volatile Files and Directories.
         Starting Update UTMP about System Boot/Shutdown...
[[0;32m  OK  [0m] Started Update UTMP about System Boot/Shutdown.
[[0;32m  OK  [0m] Started ebtables ruleset management.
[[0;32m  OK  [0m] Found device /dev/ttyS0.
[[0;32m  OK  [0m] Listening on Load/Save RF Kill Switch Status /dev/rfkill Watch.
[[0;32m  OK  [0m] Started AppArmor initialization.
         Starting Initial cloud-init job (pre-networking)...
         Starting Load AppArmor profiles managed internally by snapd...
[[0;32m  OK  [0m] Started Load AppArmor profiles managed internally by snapd.
[   16.576812] cloud-init[526]: Cloud-init v. 22.1-14-g2e17a0d6-0ubuntu1~18.04.3 running 'init-local' at Tue, 05 Apr 2022 10:54:47 +0000. Up 15.92 seconds.
[[0;32m  OK  [0m] Started Initial cloud-init job (pre-networking).
[[0;32m  OK  [0m] Reached target Network (Pre).
         Starting Network Service...
[[0;32m  OK  [0m] Started Network Service.
         Starting Wait for Network to be Configured...
         Starting Network Name Resolution...
[[0;32m  OK  [0m] Started Network Name Resolution.
[[0;32m  OK  [0m] Reached target Network.
[[0;32m  OK  [0m] Reached target Host and Network Name Lookups.
[[0;32m  OK  [0m] Started Wait for Network to be Configured.
         Starting Initial cloud-init job (metadata service crawler)...
[   18.832520] cloud-init[630]: Cloud-init v. 22.1-14-g2e17a0d6-0ubuntu1~18.04.3 running 'init' at Tue, 05 Apr 2022 10:54:50 +0000. Up 18.52 seconds.
[   18.834800] cloud-init[630]: ci-info: ++++++++++++++++++++++++++++++++++++++Net device info+++++++++++++++++++++++++++++++++++++++
[   18.835762] cloud-init[630]: ci-info: +--------+-------+----------------------------+---------------+--------+-------------------+
[   18.839497] cloud-init[630]: ci-info: | Device |   Up  |          Address           |      Mask     | Scope  |     Hw-Address    |
[   18.840466] cloud-init[630]: ci-info: +--------+-------+----------------------------+---------------+--------+-------------------+
[   18.841560] cloud-init[630]: ci-info: | enp0s3 |  True |         10.0.2.15          | 255.255.255.0 | global | 02:27:94:89:a7:22 |
[   18.844265] cloud-init[630]: ci-info: | enp0s3 |  True | fe80::27:94ff:fe89:a722/64 |       .       |  link  | 02:27:94:89:a7:22 |
[   18.845303] cloud-init[630]: ci-info: | enp0s8 | False |             .              |       .       |   .    | 08:00:27:89:d6:f5 |
[   18.849217] cloud-init[630]: ci-info: |   lo   |  True |         127.0.0.1          |   255.0.0.0   |  host  |         .         |
[   18.852302] cloud-init[630]: ci-info: |   lo   |  True |          ::1/128           |       .       |  host  |         .         |
[   18.864137] cloud-init[630]: ci-info: +--------+-------+----------------------------+---------------+--------+-------------------+
[   18.865157] cloud-init[630]: ci-info: ++++++++++++++++++++++++++++Route IPv4 info+++++++++++++++++++++++++++++
[   18.876134] cloud-init[630]: ci-info: +-------+-------------+----------+-----------------+-----------+-------+
[   18.877157] cloud-init[630]: ci-info: | Route | Destination | Gateway  |     Genmask     | Interface | Flags |
[   18.878003] cloud-init[630]: ci-info: +-------+-------------+----------+-----------------+-----------+-------+
[   18.878793] cloud-init[630]: ci-info: |   0   |   0.0.0.0   | 10.0.2.2 |     0.0.0.0     |   enp0s3  |   UG  |
[   18.879823] cloud-init[630]: ci-info: |   1   |   10.0.2.0  | 0.0.0.0  |  255.255.255.0  |   enp0s3  |   U   |
[   18.880900] cloud-init[630]: ci-info: |   2   |   10.0.2.2  | 0.0.0.0  | 255.255.255.255 |   enp0s3  |   UH  |
[   18.881933] cloud-init[630]: ci-info: +-------+-------------+----------+-----------------+-----------+-------+
[   18.882965] cloud-init[630]: ci-info: +++++++++++++++++++Route IPv6 info+++++++++++++++++++
[   18.883862] cloud-init[630]: ci-info: +-------+-------------+---------+-----------+-------+
[   18.884747] cloud-init[630]: ci-info: | Route | Destination | Gateway | Interface | Flags |
[   18.885678] cloud-init[630]: ci-info: +-------+-------------+---------+-----------+-------+
[   18.886591] cloud-init[630]: ci-info: |   1   |  fe80::/64  |    ::   |   enp0s3  |   U   |
[   18.887484] cloud-init[630]: ci-info: |   3   |    local    |    ::   |   enp0s3  |   U   |
[   18.888390] cloud-init[630]: ci-info: |   4   |   ff00::/8  |    ::   |   enp0s3  |   U   |
[   18.889106] cloud-init[630]: ci-info: +-------+-------------+---------+-----------+-------+
[   20.241382] cloud-init[630]: Generating public/private rsa key pair.
[   20.241904] cloud-init[630]: Your identification has been saved in /etc/ssh/ssh_host_rsa_key.
[   20.242790] cloud-init[630]: Your public key has been saved in /etc/ssh/ssh_host_rsa_key.pub.
[   20.243666] cloud-init[630]: The key fingerprint is:
[   20.244305] cloud-init[630]: SHA256:tRjpJliXjxTFkpksdrHXGMwUwWwqhbADaAdTLN4fp3M root@ubuntu-bionic
[   20.267976] cloud-init[630]: The key's randomart image is:
[   20.268618] cloud-init[630]: +---[RSA 2048]----+
[   20.269285] cloud-init[630]: | +=... oo&*o     |
[   20.269929] cloud-init[630]: |.o.+ .+ O=B+     |
[   20.270610] cloud-init[630]: |o + o..+B++ .    |
[   20.287929] cloud-init[630]: | . . =.=.B .     |
[   20.288639] cloud-init[630]: |    o =.S o      |
[   20.289260] cloud-init[630]: |     + E         |
[   20.289766] cloud-init[630]: |      o          |
[   20.290425] cloud-init[630]: |                 |
[   20.291033] cloud-init[630]: |                 |
[   20.291617] cloud-init[630]: +----[SHA256]-----+
[   20.292350] cloud-init[630]: Generating public/private dsa key pair.
[   20.296189] cloud-init[630]: Your identification has been saved in /etc/ssh/ssh_host_dsa_key.
[   20.297292] cloud-init[630]: Your public key has been saved in /etc/ssh/ssh_host_dsa_key.pub.
[   20.298161] cloud-init[630]: The key fingerprint is:
[   20.298764] cloud-init[630]: SHA256:t0AGpfuNZmBLh1OmEuxIldezoKn3v1TTSiTRBdKE0DQ root@ubuntu-bionic
[[0;32m  OK  [0m] Started Initial cloud-init job (metadata service crawler).
[[0;32m  OK  [0m] Reached target Cloud-config availability.[   20.311324] cloud-init[630]: The key's randomart image is:
[   20.312946] cloud-init[630]: +---[DSA 1024]----+
[   20.313507] cloud-init[630]: |    ..o*E=oo.    |
[   20.314097] cloud-init[630]: |   o. oo=+o      |
[   20.314517] cloud-init[630]: |  . o+..*o.      |
[   20.315078] cloud-init[630]: | . oo. O.o .     |
[   20.315780] cloud-init
[[0;32m  OK  [0m] Reached target System Initialization.
[630]: |  ..o O S = .    |
[   20.321756] cloud-init[630]: |  . .+ * B +     |
[   20.322357] cloud-init[630]: |   . .. * +      |
[   20.322765] cloud-init[630]: |      .+         |
         Starting LXD - unix socket.
[[0;32m  OK  [0m] Started Message of the Day.
[[0;32m  OK  [0m] [   20.327308] cloud-init[630]: |       .o.       |
[   20.327635] cloud-init[630]: +----[SHA256]-----+
Started Daily apt download activities.
[[0;32m  OK  [0m] Started Discard unused blocks once a week.
[[0;32m  OK  [0m] Started Trigger to poll for Ubuntu …(Only enabled on GCP LTS non-pro).
[[0;32m  OK  [0m] Listening on cloud-init hotplug hook socket.
[[0;32m  OK  [0m] Started Ubuntu Advantage Timer for running repeated jobs.
[[0;32m  OK  [0m] Started Daily Cleanup of Temporary Directories.
[   20.335171] cloud-init[630]: Generating public/private ecdsa key pair.
[[0;32m  OK  [0m] Listening on UUID daemon activation socket.
[[0;32m  OK  [0m] Started Daily apt upgrade and clean activities.
[   20.347758] cloud-init[630]: [[0;32m  OK  [0m] Started ACPI Events Check.
[[0;32m  OK  [0m] Reached target Paths.
[[0;32m  OK  [0m] Reached target Timers.
[[0;32m  OK  [0m] Listening on ACPID Listen Socket.Your identification has been saved in /etc/ssh/ssh_host_ecdsa_key.
[   20.352739] cloud-init[630]: Your public key has been saved in /etc/ssh/ssh_host_ecdsa_key.pub.
[   20.353752] cloud-init[630]: The key fingerprint is:
[   20.354447] cloud-init[630]: SHA256:0GUv/3BMzJD7/Tiwz+cJ0IsBlWpWALBbJ47GwCXd+PU root@ubuntu-bionic
[   20.355487] cloud-init[630]: The key's randomart image is:
[[0;32m  OK  [0m] Listening on Open-iSCSI iscsid Socket.
         Starting Socket activation for snappy daemon.
[[0;32m  OK  [0m] Listening on D-Bus System Message Bus Socket.
[[0;32m  OK  [0m] Reached target Network is Online.

[   20.361762] cloud-init[630]: +---[ECDSA 256]---+
[   20.362832] cloud-init[630]: |   ..o+...+.o.   |
[   20.363627] cloud-init[630]: |  . oo.o +.+.+   |
[   20.364842] cloud-init[630]: |   o .oooo= ..+  |
         Starting Availability of block devices...
[   20.369774] cloud-init[630]: |    o =oo+.Eoo   |
[[0;32m  OK  [0m] Reached target Remote File Systems (Pre).
[[0;32m  OK  [0m] Reached target Remote File Systems.
[[0;32m  OK  [0m] Listening on LXD - unix socket.
[   20.371115] cloud-init[630]: |     = .S  oooo. |
[[0;32m  OK  [0m] Listening on Socket activation for snappy daemon.[   20.388486] cloud-init[630]: |    .       =+o .|
[   20.388993] cloud-init[630]: |           . =...|
[   20.389354] cloud-init[630]: |            ..+ +|
[   20.389800] cloud-init[630]: |             .o=.|
[   20.390248] cloud-init[630]: +----[SHA256]-----+
[   20.390622] cloud-init[630]: Generating public/private ed25519 key pair.
[   20.391245] cloud-init[630]: Your identification has been saved in /etc/ssh/ssh_host_ed25519_key.
[   20.392029] 
[[0;32m  OK  [0m] Started Availability of block devices.
[[0;32m  OK  [0m] Reached target Sockets.
[[0;32m  OK  [0m] Reached target Basic System.
[[0;32m  OK  [0m] Started FUSE filesystem for LXC.
cloud-init[630]: Your public key has been saved in /etc/ssh/ssh_host_ed25519_key.pub.
[[0;32m  OK  [0m] Started D-Bus System Message Bus.
[   20.403943] cloud-init[630]: The key fingerprint is:
[   20.405068] cloud-init[630]: SHA256:XXPnTQEHR7kUCxO8o8SAqv+jhQZu5iDJt5iDj36Amvg root@ubuntu-bionic
[   20.413177] cloud-init[630]: The key's randomart image is:
[   20.424401] cloud-init[630]: +--[ED25519 256]--+
[   20.424820] cloud-init[630]: |        .   .*=*o|
[   20.425525] cloud-init[630]: |       . .   .=oo|
[   20.436226] cloud-init[630]: |      .   o o +.+|
[   20.436706] cloud-init[630]: |     .   . + = =.|
[   20.437392] cloud-init[630]: |.  ..   S o . . o|
[   20.438052] cloud-init[630]: |oo... .    .     |
[   20.438726] cloud-init[630]: |*+.=.o .         |
[   20.439235] cloud-init[630]: |*oO.o...         |
[   20.441628] cloud-init[630]: |o*Eo .o..        |
[   20.443944] cloud-init[630]: +----[SHA256]-----+
         Starting Dispatcher daemon for systemd-networkd...
         Starting Login Service...
         Starting Accounts Service...
         Starting Pollinate to seed the pseudo random number generator...
         Starting Snap Daemon...
         Starting Permit User Sessions...
         Starting System Logging Service...
         Starting Virtualbox guest utils...
[[0;32m  OK  [0m] Started Regular background program processing daemon.
         Starting LSB: automatic crash report generation...
         Starting LSB: Record successful boot for GRUB...
[[0;32m  OK  [0m] Started Deferred execution scheduler.
[[0;32m  OK  [0m] Started irqbalance daemon.
         Starting LXD - container startup/shutdown...
[[0;32m  OK  [0m] Started Permit User Sessions.
[[0;32m  OK  [0m] Started Login Service.
[[0;32m  OK  [0m] Started System Logging Service.
         Starting Authorization Manager...
[[0;32m  OK  [0m] Started Unattended Upgrades Shutdown.
         Starting Hold until boot process finishes up...
         Starting Terminate Plymouth Boot Screen...
[[0;32m  OK  [0m] Started Hold until boot process finishes up.
         Starting Set console scheme...
[[0;32m  OK  [0m] Started Serial Getty on ttyS0.
[[0;32m  OK  [0m] Started Terminate Plymouth Boot Screen.
[[0;32m  OK  [0m] Started Set console scheme.
[[0;32m  OK  [0m] Created slice system-getty.slice.
[[0;32m  OK  [0m] Started Getty on tty1.
[[0;32m  OK  [0m] Reached target Login Prompts.
[[0;32m  OK  [0m] Started LSB: automatic crash report generation.
[[0;32m  OK  [0m] Started LSB: Record successful boot for GRUB.
[[0;32m  OK  [0m] Started Authorization Manager.
[[0;32m  OK  [0m] Started Accounts Service.
[[0;32m  OK  [0m] Started Virtualbox guest utils.
[[0;32m  OK  [0m] Started Dispatcher daemon for systemd-networkd.
[[0;32m  OK  [0m] Started LXD - container startup/shutdown.
[[0;32m  OK  [0m] Started Pollinate to seed the pseudo random number generator.
         Starting OpenBSD Secure Shell server...
[[0;32m  OK  [0m] Started OpenBSD Secure Shell server.

Ubuntu 18.04.6 LTS ubuntu-bionic ttyS0

ubuntu-bionic login: [   42.140948] cloud-init[2219]: Cloud-init v. 22.1-14-g2e17a0d6-0ubuntu1~18.04.3 running 'modules:config' at Tue, 05 Apr 2022 10:55:12 +0000. Up 40.95 seconds.
ci-info: no authorized SSH keys fingerprints found for user ubuntu.
<14>Apr  5 10:55:14 cloud-init: #############################################################
<14>Apr  5 10:55:14 cloud-init: -----BEGIN SSH HOST KEY FINGERPRINTS-----
<14>Apr  5 10:55:14 cloud-init: 1024 SHA256:t0AGpfuNZmBLh1OmEuxIldezoKn3v1TTSiTRBdKE0DQ root@ubuntu-bionic (DSA)
<14>Apr  5 10:55:14 cloud-init: 256 SHA256:0GUv/3BMzJD7/Tiwz+cJ0IsBlWpWALBbJ47GwCXd+PU root@ubuntu-bionic (ECDSA)
<14>Apr  5 10:55:14 cloud-init: 256 SHA256:XXPnTQEHR7kUCxO8o8SAqv+jhQZu5iDJt5iDj36Amvg root@ubuntu-bionic (ED25519)
<14>Apr  5 10:55:14 cloud-init: 2048 SHA256:tRjpJliXjxTFkpksdrHXGMwUwWwqhbADaAdTLN4fp3M root@ubuntu-bionic (RSA)
<14>Apr  5 10:55:14 cloud-init: -----END SSH HOST KEY FINGERPRINTS-----
<14>Apr  5 10:55:14 cloud-init: #############################################################
-----BEGIN SSH HOST KEY KEYS-----
ecdsa-sha2-nistp256 AAAAE2VjZHNhLXNoYTItbmlzdHAyNTYAAAAIbmlzdHAyNTYAAABBBDIPMIXra8MzPDSUCBX+INMy/YuoBcw0DXZERMu9OCDVLlMEcgEUTTS2A2KhJJrwNMts6zpZi0k2MWfMSgI5rd8= root@ubuntu-bionic
ssh-ed25519 AAAAC3NzaC1lZDI1NTE5AAAAII6GxyROI0abre2dnnEVCOT+y5HeayeRa2unjn9PZSQV root@ubuntu-bionic
ssh-rsa AAAAB3NzaC1yc2EAAAADAQABAAABAQDv85uomYQfw33YQeJUAkteRO+Q8JRAQ0e/MKyjY2JoW4tTUs0CSjlgo9MX5vkJph7G3PgjsU2q7cXQVZjWOaM7dalglAxZXm/qMQjSk0EiUeNvZ6DIBlCFkzo46ihYMpk6fqQ17XK6xof1t62iymcDKxMA+s3ftdviZgSL21kJcUO6xm2q7u69zCZl2Z/LbiGfzOKilE25kHYWxseCDAcNwlvIw1C9QfNKKMVFxeiQyqWSg0pljerdmNISkilVqpnvtoNdKr/HyoZj1JL7DN6PpRFxa+QdIZJAKooUa7w8ZmFgqXZ1Th/E8j9g36+QXWQ6GP/AzIEOP6Y48jOXDtHz root@ubuntu-bionic
-----END SSH HOST KEY KEYS-----
[   42.744357] cloud-init[2388]: Cloud-init v. 22.1-14-g2e17a0d6-0ubuntu1~18.04.3 running 'modules:final' at Tue, 05 Apr 2022 10:55:14 +0000. Up 42.57 seconds.
[   42.745519] cloud-init[2388]: Cloud-init v. 22.1-14-g2e17a0d6-0ubuntu1~18.04.3 finished at Tue, 05 Apr 2022 10:55:14 +0000. Datasource DataSourceNoCloud [seed=/dev/sdb][dsmode=net].  Up 42.73 seconds
